<?xml version="1.0" encoding="UTF-8"?>
<!-- Generated by org.testng.reporters.JUnitReportReporter -->
<testsuite hostname="MSI" failures="0" tests="1" name="test.TestLoginPageSimple" time="9.232" errors="0" timestamp="2023-10-26T08:52:01 ICT" skipped="0">
  <testcase classname="test.TestLoginPageSimple" name="testLoginPage" time="9.232"/>
</testsuite> <!-- test.TestLoginPageSimple -->
